/home/romi-lab-2/project_ws/install/my_simulation/lib/python3.8/site-packages/my_simulation/__init__.py
/home/romi-lab-2/project_ws/install/my_simulation/lib/python3.8/site-packages/my_simulation/generator/cuboid_gen.py
/home/romi-lab-2/project_ws/install/my_simulation/lib/python3.8/site-packages/my_simulation/generator/cylinder_gen.py
/home/romi-lab-2/project_ws/install/my_simulation/lib/python3.8/site-packages/my_simulation/generator/triangular_prism_gen.py
/home/romi-lab-2/project_ws/install/my_simulation/lib/python3.8/site-packages/my_simulation/models/triangular_prism/meshes/triangular_prism.stl
/home/romi-lab-2/project_ws/install/my_simulation/lib/python3.8/site-packages/my_simulation/__pycache__/__init__.cpython-38.pyc
/home/romi-lab-2/project_ws/install/my_simulation/lib/python3.8/site-packages/my_simulation/generator/__pycache__/cuboid_gen.cpython-38.pyc
/home/romi-lab-2/project_ws/install/my_simulation/lib/python3.8/site-packages/my_simulation/generator/__pycache__/cylinder_gen.cpython-38.pyc
/home/romi-lab-2/project_ws/install/my_simulation/lib/python3.8/site-packages/my_simulation/generator/__pycache__/triangular_prism_gen.cpython-38.pyc
/home/romi-lab-2/project_ws/install/my_simulation/share/ament_index/resource_index/packages/my_simulation
/home/romi-lab-2/project_ws/install/my_simulation/share/my_simulation/package.xml
/home/romi-lab-2/project_ws/install/my_simulation/share/my_simulation/launch/project.launch.py
/home/romi-lab-2/project_ws/install/my_simulation/share/my_simulation/worlds/room.world
/home/romi-lab-2/project_ws/install/my_simulation/share/my_simulation/generator/cuboid_gen.py
/home/romi-lab-2/project_ws/install/my_simulation/share/my_simulation/generator/cylinder_gen.py
/home/romi-lab-2/project_ws/install/my_simulation/share/my_simulation/generator/triangular_prism_gen.py
/home/romi-lab-2/project_ws/install/my_simulation/share/my_simulation/models/triangular_prism/meshes/triangular_prism.stl
/home/romi-lab-2/project_ws/install/my_simulation/lib/python3.8/site-packages/my_simulation-0.0.0-py3.8.egg-info/top_level.txt
/home/romi-lab-2/project_ws/install/my_simulation/lib/python3.8/site-packages/my_simulation-0.0.0-py3.8.egg-info/requires.txt
/home/romi-lab-2/project_ws/install/my_simulation/lib/python3.8/site-packages/my_simulation-0.0.0-py3.8.egg-info/PKG-INFO
/home/romi-lab-2/project_ws/install/my_simulation/lib/python3.8/site-packages/my_simulation-0.0.0-py3.8.egg-info/dependency_links.txt
/home/romi-lab-2/project_ws/install/my_simulation/lib/python3.8/site-packages/my_simulation-0.0.0-py3.8.egg-info/SOURCES.txt
/home/romi-lab-2/project_ws/install/my_simulation/lib/python3.8/site-packages/my_simulation-0.0.0-py3.8.egg-info/entry_points.txt
/home/romi-lab-2/project_ws/install/my_simulation/lib/python3.8/site-packages/my_simulation-0.0.0-py3.8.egg-info/zip-safe
/home/romi-lab-2/project_ws/install/my_simulation/lib/my_simulation/my_node
