[0.498s] Invoking command in '/home/romi-lab-2/project_ws/src/my_simulation': PYTHONPATH=/home/romi-lab-2/project_ws/build/my_simulation/prefix_override:/usr/lib/python3/dist-packages/colcon_core/task/python/colcon_distutils_commands:/home/romi-lab-2/project_ws/install/my_simulation/lib/python3.8/site-packages:${PYTHONPATH} /usr/bin/python3 -W ignore:setup.py install is deprecated setup.py egg_info --egg-base ../../build/my_simulation build --build-base /home/romi-lab-2/project_ws/build/my_simulation/build install --record /home/romi-lab-2/project_ws/build/my_simulation/install.log --install-scripts $base/lib/my_simulation --single-version-externally-managed install_data
[0.671s] running egg_info
[0.671s] writing ../../build/my_simulation/my_simulation.egg-info/PKG-INFO
[0.671s] writing dependency_links to ../../build/my_simulation/my_simulation.egg-info/dependency_links.txt
[0.672s] writing entry points to ../../build/my_simulation/my_simulation.egg-info/entry_points.txt
[0.672s] writing requirements to ../../build/my_simulation/my_simulation.egg-info/requires.txt
[0.672s] writing top-level names to ../../build/my_simulation/my_simulation.egg-info/top_level.txt
[0.698s] reading manifest file '../../build/my_simulation/my_simulation.egg-info/SOURCES.txt'
[0.698s] writing manifest file '../../build/my_simulation/my_simulation.egg-info/SOURCES.txt'
[0.699s] running build
[0.699s] running build_py
[0.699s] copying my_simulation/generator/cuboid_gen.py -> /home/romi-lab-2/project_ws/build/my_simulation/build/lib/my_simulation/generator
[0.699s] running install
[0.699s] running install_lib
[0.700s] copying /home/romi-lab-2/project_ws/build/my_simulation/build/lib/my_simulation/generator/cuboid_gen.py -> /home/romi-lab-2/project_ws/install/my_simulation/lib/python3.8/site-packages/my_simulation/generator
[0.701s] byte-compiling /home/romi-lab-2/project_ws/install/my_simulation/lib/python3.8/site-packages/my_simulation/generator/cuboid_gen.py to cuboid_gen.cpython-38.pyc
[0.702s] running install_data
[0.703s] copying my_simulation/generator/cuboid_gen.py -> /home/romi-lab-2/project_ws/install/my_simulation/share/my_simulation/generator
[0.703s] running install_egg_info
[0.704s] removing '/home/romi-lab-2/project_ws/install/my_simulation/lib/python3.8/site-packages/my_simulation-0.0.0-py3.8.egg-info' (and everything under it)
[0.704s] Copying ../../build/my_simulation/my_simulation.egg-info to /home/romi-lab-2/project_ws/install/my_simulation/lib/python3.8/site-packages/my_simulation-0.0.0-py3.8.egg-info
[0.705s] running install_scripts
[0.717s] Installing my_node script to /home/romi-lab-2/project_ws/install/my_simulation/lib/my_simulation
[0.718s] writing list of installed files to '/home/romi-lab-2/project_ws/build/my_simulation/install.log'
[0.732s] Invoked command in '/home/romi-lab-2/project_ws/src/my_simulation' returned '0': PYTHONPATH=/home/romi-lab-2/project_ws/build/my_simulation/prefix_override:/usr/lib/python3/dist-packages/colcon_core/task/python/colcon_distutils_commands:/home/romi-lab-2/project_ws/install/my_simulation/lib/python3.8/site-packages:${PYTHONPATH} /usr/bin/python3 -W ignore:setup.py install is deprecated setup.py egg_info --egg-base ../../build/my_simulation build --build-base /home/romi-lab-2/project_ws/build/my_simulation/build install --record /home/romi-lab-2/project_ws/build/my_simulation/install.log --install-scripts $base/lib/my_simulation --single-version-externally-managed install_data
