running egg_info
creating ../../build/my_simulation/my_simulation.egg-info
writing ../../build/my_simulation/my_simulation.egg-info/PKG-INFO
writing dependency_links to ../../build/my_simulation/my_simulation.egg-info/dependency_links.txt
writing entry points to ../../build/my_simulation/my_simulation.egg-info/entry_points.txt
writing requirements to ../../build/my_simulation/my_simulation.egg-info/requires.txt
writing top-level names to ../../build/my_simulation/my_simulation.egg-info/top_level.txt
writing manifest file '../../build/my_simulation/my_simulation.egg-info/SOURCES.txt'
reading manifest file '../../build/my_simulation/my_simulation.egg-info/SOURCES.txt'
writing manifest file '../../build/my_simulation/my_simulation.egg-info/SOURCES.txt'
running build
running build_py
creating /home/romi-lab-2/project_ws/build/my_simulation/build
creating /home/romi-lab-2/project_ws/build/my_simulation/build/lib
creating /home/romi-lab-2/project_ws/build/my_simulation/build/lib/my_simulation
copying my_simulation/__init__.py -> /home/romi-lab-2/project_ws/build/my_simulation/build/lib/my_simulation
creating /home/romi-lab-2/project_ws/build/my_simulation/build/lib/my_simulation/models
creating /home/romi-lab-2/project_ws/build/my_simulation/build/lib/my_simulation/models/cube
copying my_simulation/models/cube/model.sdf -> /home/romi-lab-2/project_ws/build/my_simulation/build/lib/my_simulation/models/cube
creating /home/romi-lab-2/project_ws/build/my_simulation/build/lib/my_simulation/models/cylinder
copying my_simulation/models/cylinder/model.sdf -> /home/romi-lab-2/project_ws/build/my_simulation/build/lib/my_simulation/models/cylinder
running install
running install_lib
creating /home/romi-lab-2/project_ws/install/my_simulation/lib/python3.8/site-packages/my_simulation
copying /home/romi-lab-2/project_ws/build/my_simulation/build/lib/my_simulation/__init__.py -> /home/romi-lab-2/project_ws/install/my_simulation/lib/python3.8/site-packages/my_simulation
creating /home/romi-lab-2/project_ws/install/my_simulation/lib/python3.8/site-packages/my_simulation/models
creating /home/romi-lab-2/project_ws/install/my_simulation/lib/python3.8/site-packages/my_simulation/models/cube
copying /home/romi-lab-2/project_ws/build/my_simulation/build/lib/my_simulation/models/cube/model.sdf -> /home/romi-lab-2/project_ws/install/my_simulation/lib/python3.8/site-packages/my_simulation/models/cube
creating /home/romi-lab-2/project_ws/install/my_simulation/lib/python3.8/site-packages/my_simulation/models/cylinder
copying /home/romi-lab-2/project_ws/build/my_simulation/build/lib/my_simulation/models/cylinder/model.sdf -> /home/romi-lab-2/project_ws/install/my_simulation/lib/python3.8/site-packages/my_simulation/models/cylinder
byte-compiling /home/romi-lab-2/project_ws/install/my_simulation/lib/python3.8/site-packages/my_simulation/__init__.py to __init__.cpython-38.pyc
running install_data
creating /home/romi-lab-2/project_ws/install/my_simulation/share/ament_index
creating /home/romi-lab-2/project_ws/install/my_simulation/share/ament_index/resource_index
creating /home/romi-lab-2/project_ws/install/my_simulation/share/ament_index/resource_index/packages
copying resource/my_simulation -> /home/romi-lab-2/project_ws/install/my_simulation/share/ament_index/resource_index/packages
copying package.xml -> /home/romi-lab-2/project_ws/install/my_simulation/share/my_simulation
creating /home/romi-lab-2/project_ws/install/my_simulation/share/my_simulation/launch
copying my_simulation/launch/project.launch.py -> /home/romi-lab-2/project_ws/install/my_simulation/share/my_simulation/launch
creating /home/romi-lab-2/project_ws/install/my_simulation/share/my_simulation/worlds
copying my_simulation/worlds/room.world -> /home/romi-lab-2/project_ws/install/my_simulation/share/my_simulation/worlds
creating /home/romi-lab-2/project_ws/install/my_simulation/share/my_simulation/models
copying my_simulation/models/cube/model.sdf -> /home/romi-lab-2/project_ws/install/my_simulation/share/my_simulation/models
copying my_simulation/models/cylinder/model.sdf -> /home/romi-lab-2/project_ws/install/my_simulation/share/my_simulation/models
running install_egg_info
Copying ../../build/my_simulation/my_simulation.egg-info to /home/romi-lab-2/project_ws/install/my_simulation/lib/python3.8/site-packages/my_simulation-0.0.0-py3.8.egg-info
running install_scripts
Installing my_node script to /home/romi-lab-2/project_ws/install/my_simulation/lib/my_simulation
writing list of installed files to '/home/romi-lab-2/project_ws/build/my_simulation/install.log'
