[0.479s] Invoking command in '/home/romi-lab-2/project_ws/src/my_simulation': PYTHONPATH=/home/romi-lab-2/project_ws/build/my_simulation/prefix_override:/usr/lib/python3/dist-packages/colcon_core/task/python/colcon_distutils_commands:/home/romi-lab-2/project_ws/install/my_simulation/lib/python3.8/site-packages:${PYTHONPATH} /usr/bin/python3 -W ignore:setup.py install is deprecated setup.py egg_info --egg-base ../../build/my_simulation build --build-base /home/romi-lab-2/project_ws/build/my_simulation/build install --record /home/romi-lab-2/project_ws/build/my_simulation/install.log --install-scripts $base/lib/my_simulation --single-version-externally-managed install_data
[0.643s] running egg_info
[0.643s] creating ../../build/my_simulation/my_simulation.egg-info
[0.644s] writing ../../build/my_simulation/my_simulation.egg-info/PKG-INFO
[0.644s] writing dependency_links to ../../build/my_simulation/my_simulation.egg-info/dependency_links.txt
[0.644s] writing entry points to ../../build/my_simulation/my_simulation.egg-info/entry_points.txt
[0.644s] writing requirements to ../../build/my_simulation/my_simulation.egg-info/requires.txt
[0.644s] writing top-level names to ../../build/my_simulation/my_simulation.egg-info/top_level.txt
[0.645s] writing manifest file '../../build/my_simulation/my_simulation.egg-info/SOURCES.txt'
[0.670s] reading manifest file '../../build/my_simulation/my_simulation.egg-info/SOURCES.txt'
[0.670s] writing manifest file '../../build/my_simulation/my_simulation.egg-info/SOURCES.txt'
[0.670s] running build
[0.670s] running build_py
[0.671s] creating /home/romi-lab-2/project_ws/build/my_simulation/build
[0.671s] creating /home/romi-lab-2/project_ws/build/my_simulation/build/lib
[0.671s] creating /home/romi-lab-2/project_ws/build/my_simulation/build/lib/my_simulation
[0.671s] copying my_simulation/__init__.py -> /home/romi-lab-2/project_ws/build/my_simulation/build/lib/my_simulation
[0.671s] creating /home/romi-lab-2/project_ws/build/my_simulation/build/lib/my_simulation/models
[0.671s] creating /home/romi-lab-2/project_ws/build/my_simulation/build/lib/my_simulation/models/cube
[0.671s] copying my_simulation/models/cube/model.sdf -> /home/romi-lab-2/project_ws/build/my_simulation/build/lib/my_simulation/models/cube
[0.671s] creating /home/romi-lab-2/project_ws/build/my_simulation/build/lib/my_simulation/models/cylinder
[0.671s] copying my_simulation/models/cylinder/model.sdf -> /home/romi-lab-2/project_ws/build/my_simulation/build/lib/my_simulation/models/cylinder
[0.671s] running install
[0.672s] running install_lib
[0.672s] creating /home/romi-lab-2/project_ws/install/my_simulation/lib/python3.8/site-packages/my_simulation
[0.673s] copying /home/romi-lab-2/project_ws/build/my_simulation/build/lib/my_simulation/__init__.py -> /home/romi-lab-2/project_ws/install/my_simulation/lib/python3.8/site-packages/my_simulation
[0.673s] creating /home/romi-lab-2/project_ws/install/my_simulation/lib/python3.8/site-packages/my_simulation/models
[0.673s] creating /home/romi-lab-2/project_ws/install/my_simulation/lib/python3.8/site-packages/my_simulation/models/cube
[0.673s] copying /home/romi-lab-2/project_ws/build/my_simulation/build/lib/my_simulation/models/cube/model.sdf -> /home/romi-lab-2/project_ws/install/my_simulation/lib/python3.8/site-packages/my_simulation/models/cube
[0.673s] creating /home/romi-lab-2/project_ws/install/my_simulation/lib/python3.8/site-packages/my_simulation/models/cylinder
[0.673s] copying /home/romi-lab-2/project_ws/build/my_simulation/build/lib/my_simulation/models/cylinder/model.sdf -> /home/romi-lab-2/project_ws/install/my_simulation/lib/python3.8/site-packages/my_simulation/models/cylinder
[0.673s] byte-compiling /home/romi-lab-2/project_ws/install/my_simulation/lib/python3.8/site-packages/my_simulation/__init__.py to __init__.cpython-38.pyc
[0.674s] running install_data
[0.675s] creating /home/romi-lab-2/project_ws/install/my_simulation/share/ament_index
[0.675s] creating /home/romi-lab-2/project_ws/install/my_simulation/share/ament_index/resource_index
[0.675s] creating /home/romi-lab-2/project_ws/install/my_simulation/share/ament_index/resource_index/packages
[0.675s] copying resource/my_simulation -> /home/romi-lab-2/project_ws/install/my_simulation/share/ament_index/resource_index/packages
[0.675s] copying package.xml -> /home/romi-lab-2/project_ws/install/my_simulation/share/my_simulation
[0.675s] creating /home/romi-lab-2/project_ws/install/my_simulation/share/my_simulation/launch
[0.675s] copying my_simulation/launch/project.launch.py -> /home/romi-lab-2/project_ws/install/my_simulation/share/my_simulation/launch
[0.675s] creating /home/romi-lab-2/project_ws/install/my_simulation/share/my_simulation/worlds
[0.675s] copying my_simulation/worlds/room.world -> /home/romi-lab-2/project_ws/install/my_simulation/share/my_simulation/worlds
[0.675s] creating /home/romi-lab-2/project_ws/install/my_simulation/share/my_simulation/models
[0.675s] copying my_simulation/models/cube/model.sdf -> /home/romi-lab-2/project_ws/install/my_simulation/share/my_simulation/models
[0.675s] copying my_simulation/models/cylinder/model.sdf -> /home/romi-lab-2/project_ws/install/my_simulation/share/my_simulation/models
[0.675s] running install_egg_info
[0.676s] Copying ../../build/my_simulation/my_simulation.egg-info to /home/romi-lab-2/project_ws/install/my_simulation/lib/python3.8/site-packages/my_simulation-0.0.0-py3.8.egg-info
[0.677s] running install_scripts
[0.690s] Installing my_node script to /home/romi-lab-2/project_ws/install/my_simulation/lib/my_simulation
[0.690s] writing list of installed files to '/home/romi-lab-2/project_ws/build/my_simulation/install.log'
[0.704s] Invoked command in '/home/romi-lab-2/project_ws/src/my_simulation' returned '0': PYTHONPATH=/home/romi-lab-2/project_ws/build/my_simulation/prefix_override:/usr/lib/python3/dist-packages/colcon_core/task/python/colcon_distutils_commands:/home/romi-lab-2/project_ws/install/my_simulation/lib/python3.8/site-packages:${PYTHONPATH} /usr/bin/python3 -W ignore:setup.py install is deprecated setup.py egg_info --egg-base ../../build/my_simulation build --build-base /home/romi-lab-2/project_ws/build/my_simulation/build install --record /home/romi-lab-2/project_ws/build/my_simulation/install.log --install-scripts $base/lib/my_simulation --single-version-externally-managed install_data
